<?xml version="1.0" encoding="UTF-8"?>
<!-- Generated by org.testng.reporters.JUnitReportReporter -->
<testsuite hostname="LAPTOP-PHJLGDJ4" failures="0" tests="1" name="all_Tests.LoginTestCases" time="3.862" errors="0" timestamp="2022-04-12T16:39:33 BST" skipped="0">
  <testcase classname="all_Tests.LoginTestCases" name="invoking_Browser" time="3.862"/>
  <system-out/>
</testsuite> <!-- all_Tests.LoginTestCases -->
